{"D:\\Training\\ReactNative\\reactnativetodo\\src\\actions\\Actions.js": {"path":"D:\\Training\\ReactNative\\reactnativetodo\\src\\actions\\Actions.js","statementMap":{"0":{"start":{"line":13,"column":2},"end":{"line":16,"column":4}},"1":{"start":{"line":20,"column":2},"end":{"line":23,"column":4}},"2":{"start":{"line":27,"column":2},"end":{"line":30,"column":4}},"3":{"start":{"line":34,"column":2},"end":{"line":36,"column":4}},"4":{"start":{"line":40,"column":2},"end":{"line":43,"column":4}}},"fnMap":{"0":{"name":"deleteTask","decl":{"start":{"line":12,"column":16},"end":{"line":12,"column":26}},"loc":{"start":{"line":12,"column":31},"end":{"line":17,"column":1}},"line":12},"1":{"name":"toggleCompleteStatus","decl":{"start":{"line":19,"column":16},"end":{"line":19,"column":36}},"loc":{"start":{"line":19,"column":51},"end":{"line":24,"column":1}},"line":19},"2":{"name":"saveTask","decl":{"start":{"line":26,"column":16},"end":{"line":26,"column":24}},"loc":{"start":{"line":26,"column":50},"end":{"line":31,"column":1}},"line":26},"3":{"name":"fetchTaskList","decl":{"start":{"line":33,"column":16},"end":{"line":33,"column":29}},"loc":{"start":{"line":33,"column":32},"end":{"line":37,"column":1}},"line":33},"4":{"name":"updateTask","decl":{"start":{"line":39,"column":16},"end":{"line":39,"column":26}},"loc":{"start":{"line":39,"column":44},"end":{"line":44,"column":1}},"line":39}},"branchMap":{},"s":{"0":1,"1":1,"2":1,"3":1,"4":1},"f":{"0":1,"1":1,"2":1,"3":1,"4":1},"b":{},"_coverageSchema":"332fd63041d2c1bcb487cc26dd0d5f7d97098a6c","hash":"76144d84e144a27bbdf6e76b6d656b792362e337"}
,"D:\\Training\\ReactNative\\reactnativetodo\\src\\actions\\Types.js": {"path":"D:\\Training\\ReactNative\\reactnativetodo\\src\\actions\\Types.js","statementMap":{"0":{"start":{"line":1,"column":28},"end":{"line":1,"column":42}},"1":{"start":{"line":3,"column":41},"end":{"line":3,"column":68}},"2":{"start":{"line":4,"column":41},"end":{"line":4,"column":68}},"3":{"start":{"line":5,"column":38},"end":{"line":5,"column":62}},"4":{"start":{"line":7,"column":35},"end":{"line":7,"column":56}},"5":{"start":{"line":8,"column":35},"end":{"line":8,"column":56}},"6":{"start":{"line":9,"column":32},"end":{"line":9,"column":50}},"7":{"start":{"line":11,"column":37},"end":{"line":11,"column":60}},"8":{"start":{"line":12,"column":37},"end":{"line":12,"column":60}},"9":{"start":{"line":13,"column":34},"end":{"line":13,"column":54}},"10":{"start":{"line":15,"column":44},"end":{"line":15,"column":74}},"11":{"start":{"line":16,"column":44},"end":{"line":16,"column":74}},"12":{"start":{"line":17,"column":41},"end":{"line":17,"column":68}}},"fnMap":{},"branchMap":{},"s":{"0":3,"1":3,"2":3,"3":3,"4":3,"5":3,"6":3,"7":3,"8":3,"9":3,"10":3,"11":3,"12":3},"f":{},"b":{},"_coverageSchema":"332fd63041d2c1bcb487cc26dd0d5f7d97098a6c","hash":"b91b2f1c20d3a3203364f585296c95418f41bf63"}
,"D:\\Training\\ReactNative\\reactnativetodo\\src\\api\\api.js": {"path":"D:\\Training\\ReactNative\\reactnativetodo\\src\\api\\api.js","statementMap":{"0":{"start":{"line":4,"column":2},"end":{"line":13,"column":5}},"1":{"start":{"line":5,"column":4},"end":{"line":12,"column":7}},"2":{"start":{"line":6,"column":6},"end":{"line":6,"column":52}},"3":{"start":{"line":7,"column":23},"end":{"line":9,"column":8}},"4":{"start":{"line":8,"column":8},"end":{"line":8,"column":19}},"5":{"start":{"line":11,"column":6},"end":{"line":11,"column":31}},"6":{"start":{"line":17,"column":2},"end":{"line":28,"column":5}},"7":{"start":{"line":18,"column":22},"end":{"line":18,"column":54}},"8":{"start":{"line":19,"column":18},"end":{"line":19,"column":36}},"9":{"start":{"line":20,"column":4},"end":{"line":27,"column":9}},"10":{"start":{"line":23,"column":8},"end":{"line":23,"column":25}},"11":{"start":{"line":26,"column":8},"end":{"line":26,"column":24}},"12":{"start":{"line":32,"column":2},"end":{"line":34,"column":5}},"13":{"start":{"line":33,"column":4},"end":{"line":33,"column":73}},"14":{"start":{"line":33,"column":62},"end":{"line":33,"column":71}}},"fnMap":{"0":{"name":"getTaskList","decl":{"start":{"line":3,"column":16},"end":{"line":3,"column":27}},"loc":{"start":{"line":3,"column":30},"end":{"line":14,"column":1}},"line":3},"1":{"name":"(anonymous_1)","decl":{"start":{"line":4,"column":21},"end":{"line":4,"column":22}},"loc":{"start":{"line":4,"column":42},"end":{"line":13,"column":3}},"line":4},"2":{"name":"(anonymous_2)","decl":{"start":{"line":5,"column":50},"end":{"line":5,"column":51}},"loc":{"start":{"line":5,"column":62},"end":{"line":12,"column":5}},"line":5},"3":{"name":"(anonymous_3)","decl":{"start":{"line":7,"column":45},"end":{"line":7,"column":46}},"loc":{"start":{"line":7,"column":61},"end":{"line":9,"column":7}},"line":7},"4":{"name":"saveTaskToFB","decl":{"start":{"line":16,"column":16},"end":{"line":16,"column":28}},"loc":{"start":{"line":16,"column":54},"end":{"line":29,"column":1}},"line":16},"5":{"name":"(anonymous_5)","decl":{"start":{"line":17,"column":21},"end":{"line":17,"column":22}},"loc":{"start":{"line":17,"column":42},"end":{"line":28,"column":3}},"line":17},"6":{"name":"(anonymous_6)","decl":{"start":{"line":22,"column":12},"end":{"line":22,"column":13}},"loc":{"start":{"line":22,"column":18},"end":{"line":24,"column":7}},"line":22},"7":{"name":"(anonymous_7)","decl":{"start":{"line":25,"column":13},"end":{"line":25,"column":14}},"loc":{"start":{"line":25,"column":18},"end":{"line":27,"column":7}},"line":25},"8":{"name":"saveTaskListToFB","decl":{"start":{"line":31,"column":16},"end":{"line":31,"column":32}},"loc":{"start":{"line":31,"column":43},"end":{"line":35,"column":1}},"line":31},"9":{"name":"(anonymous_9)","decl":{"start":{"line":32,"column":21},"end":{"line":32,"column":22}},"loc":{"start":{"line":32,"column":42},"end":{"line":34,"column":3}},"line":32},"10":{"name":"(anonymous_10)","decl":{"start":{"line":33,"column":56},"end":{"line":33,"column":57}},"loc":{"start":{"line":33,"column":62},"end":{"line":33,"column":71}},"line":33}},"branchMap":{},"s":{"0":0,"1":0,"2":0,"3":0,"4":0,"5":0,"6":0,"7":0,"8":0,"9":0,"10":0,"11":0,"12":0,"13":0,"14":0},"f":{"0":0,"1":0,"2":0,"3":0,"4":0,"5":0,"6":0,"7":0,"8":0,"9":0,"10":0},"b":{},"_coverageSchema":"332fd63041d2c1bcb487cc26dd0d5f7d97098a6c","hash":"b75e7e5c4e981b771d504074521d2634c0e887e7"}
,"D:\\Training\\ReactNative\\reactnativetodo\\src\\api\\config.js": {"path":"D:\\Training\\ReactNative\\reactnativetodo\\src\\api\\config.js","statementMap":{"0":{"start":{"line":1,"column":30},"end":{"line":8,"column":1}}},"fnMap":{},"branchMap":{},"s":{"0":1},"f":{},"b":{},"_coverageSchema":"332fd63041d2c1bcb487cc26dd0d5f7d97098a6c","hash":"c6482b84e15fe693219ce1671a1cece93efb32ff"}
,"D:\\Training\\ReactNative\\reactnativetodo\\src\\api\\firebase.js": {"path":"D:\\Training\\ReactNative\\reactnativetodo\\src\\api\\firebase.js","statementMap":{"0":{"start":{"line":4,"column":27},"end":{"line":4,"column":65}}},"fnMap":{},"branchMap":{},"s":{"0":1},"f":{},"b":{},"_coverageSchema":"332fd63041d2c1bcb487cc26dd0d5f7d97098a6c","hash":"41b9a6553235d4b3daa6008e0c94254764e38093"}
,"D:\\Training\\ReactNative\\reactnativetodo\\src\\api\\index.js": {"path":"D:\\Training\\ReactNative\\reactnativetodo\\src\\api\\index.js","statementMap":{},"fnMap":{},"branchMap":{},"s":{},"f":{},"b":{},"_coverageSchema":"332fd63041d2c1bcb487cc26dd0d5f7d97098a6c","hash":"a04f870de942c4c4e7fc9ee7a0cd1f4e8898089b"}
,"D:\\Training\\ReactNative\\reactnativetodo\\src\\mock\\tasks_mock.js": {"path":"D:\\Training\\ReactNative\\reactnativetodo\\src\\mock\\tasks_mock.js","statementMap":{"0":{"start":{"line":1,"column":30},"end":{"line":12,"column":1}},"1":{"start":{"line":14,"column":25},"end":{"line":18,"column":1}},"2":{"start":{"line":20,"column":23},"end":{"line":20,"column":24}}},"fnMap":{},"branchMap":{},"s":{"0":2,"1":2,"2":2},"f":{},"b":{},"_coverageSchema":"332fd63041d2c1bcb487cc26dd0d5f7d97098a6c","hash":"f394cc4a6600d915fca4e8dc9e63f5a3b74a8cb9"}
,"D:\\Training\\ReactNative\\reactnativetodo\\src\\reducers\\TaskEntryReducer.js": {"path":"D:\\Training\\ReactNative\\reactnativetodo\\src\\reducers\\TaskEntryReducer.js","statementMap":{"0":{"start":{"line":12,"column":22},"end":{"line":19,"column":1}},"1":{"start":{"line":21,"column":2},"end":{"line":39,"column":3}},"2":{"start":{"line":23,"column":6},"end":{"line":23,"column":71}},"3":{"start":{"line":25,"column":6},"end":{"line":25,"column":44}},"4":{"start":{"line":30,"column":6},"end":{"line":35,"column":8}},"5":{"start":{"line":38,"column":6},"end":{"line":38,"column":19}}},"fnMap":{"0":{"name":"(anonymous_0)","decl":{"start":{"line":20,"column":15},"end":{"line":20,"column":16}},"loc":{"start":{"line":20,"column":50},"end":{"line":40,"column":1}},"line":20}},"branchMap":{"0":{"loc":{"start":{"line":20,"column":16},"end":{"line":20,"column":37}},"type":"default-arg","locations":[{"start":{"line":20,"column":24},"end":{"line":20,"column":37}}],"line":20},"1":{"loc":{"start":{"line":21,"column":2},"end":{"line":39,"column":3}},"type":"switch","locations":[{"start":{"line":22,"column":4},"end":{"line":23,"column":71}},{"start":{"line":24,"column":4},"end":{"line":25,"column":44}},{"start":{"line":26,"column":4},"end":{"line":26,"column":38}},{"start":{"line":27,"column":4},"end":{"line":27,"column":29}},{"start":{"line":28,"column":4},"end":{"line":28,"column":31}},{"start":{"line":29,"column":4},"end":{"line":35,"column":8}},{"start":{"line":37,"column":4},"end":{"line":38,"column":19}}],"line":21}},"s":{"0":1,"1":11,"2":2,"3":0,"4":8,"5":1},"f":{"0":11},"b":{"0":[6],"1":[2,0,2,4,6,8,1]},"_coverageSchema":"332fd63041d2c1bcb487cc26dd0d5f7d97098a6c","hash":"d5e3f68dcf368305f370d1f0b113acb2459f067d"}
,"D:\\Training\\ReactNative\\reactnativetodo\\src\\saga\\manageTaskListSaga.js": {"path":"D:\\Training\\ReactNative\\reactnativetodo\\src\\saga\\manageTaskListSaga.js","statementMap":{"0":{"start":{"line":22,"column":2},"end":{"line":30,"column":3}},"1":{"start":{"line":23,"column":18},"end":{"line":23,"column":41}},"2":{"start":{"line":24,"column":4},"end":{"line":27,"column":7}},"3":{"start":{"line":29,"column":4},"end":{"line":29,"column":68}},"4":{"start":{"line":34,"column":2},"end":{"line":41,"column":3}},"5":{"start":{"line":35,"column":4},"end":{"line":35,"column":45}},"6":{"start":{"line":36,"column":4},"end":{"line":38,"column":7}},"7":{"start":{"line":40,"column":4},"end":{"line":40,"column":62}},"8":{"start":{"line":45,"column":2},"end":{"line":53,"column":3}},"9":{"start":{"line":46,"column":21},"end":{"line":46,"column":79}},"10":{"start":{"line":47,"column":4},"end":{"line":47,"column":43}},"11":{"start":{"line":48,"column":4},"end":{"line":50,"column":7}},"12":{"start":{"line":52,"column":4},"end":{"line":52,"column":64}},"13":{"start":{"line":57,"column":2},"end":{"line":70,"column":3}},"14":{"start":{"line":58,"column":21},"end":{"line":62,"column":5}},"15":{"start":{"line":63,"column":4},"end":{"line":63,"column":43}},"16":{"start":{"line":64,"column":4},"end":{"line":66,"column":7}},"17":{"start":{"line":68,"column":4},"end":{"line":68,"column":19}},"18":{"start":{"line":69,"column":4},"end":{"line":69,"column":71}},"19":{"start":{"line":74,"column":2},"end":{"line":74,"column":61}},"20":{"start":{"line":75,"column":2},"end":{"line":75,"column":50}},"21":{"start":{"line":76,"column":2},"end":{"line":76,"column":54}},"22":{"start":{"line":77,"column":2},"end":{"line":77,"column":71}}},"fnMap":{"0":{"name":"fetchTaskList","decl":{"start":{"line":21,"column":17},"end":{"line":21,"column":30}},"loc":{"start":{"line":21,"column":39},"end":{"line":31,"column":1}},"line":21},"1":{"name":"saveTask","decl":{"start":{"line":33,"column":17},"end":{"line":33,"column":25}},"loc":{"start":{"line":33,"column":34},"end":{"line":42,"column":1}},"line":33},"2":{"name":"deleteTask","decl":{"start":{"line":44,"column":17},"end":{"line":44,"column":27}},"loc":{"start":{"line":44,"column":36},"end":{"line":54,"column":1}},"line":44},"3":{"name":"toggleCompleteStatus","decl":{"start":{"line":56,"column":17},"end":{"line":56,"column":37}},"loc":{"start":{"line":56,"column":46},"end":{"line":71,"column":1}},"line":56},"4":{"name":"watchManageTaskListSaga","decl":{"start":{"line":73,"column":17},"end":{"line":73,"column":40}},"loc":{"start":{"line":73,"column":43},"end":{"line":78,"column":1}},"line":73}},"branchMap":{},"s":{"0":1,"1":1,"2":1,"3":0,"4":1,"5":1,"6":1,"7":0,"8":1,"9":1,"10":1,"11":1,"12":0,"13":1,"14":1,"15":1,"16":1,"17":0,"18":0,"19":0,"20":0,"21":0,"22":0},"f":{"0":1,"1":1,"2":1,"3":1,"4":0},"b":{},"_coverageSchema":"332fd63041d2c1bcb487cc26dd0d5f7d97098a6c","hash":"362fd6aef01d8f2a7764e3e014da5e9f117ed73e"}
,"D:\\Training\\ReactNative\\reactnativetodo\\src\\selectors\\filteredForChangeStatusTaskList.js": {"path":"D:\\Training\\ReactNative\\reactnativetodo\\src\\selectors\\filteredForChangeStatusTaskList.js","statementMap":{"0":{"start":{"line":1,"column":40},"end":{"line":10,"column":1}},"1":{"start":{"line":2,"column":19},"end":{"line":8,"column":4}},"2":{"start":{"line":3,"column":4},"end":{"line":3,"column":36}},"3":{"start":{"line":3,"column":24},"end":{"line":3,"column":36}},"4":{"start":{"line":4,"column":4},"end":{"line":7,"column":6}},"5":{"start":{"line":9,"column":2},"end":{"line":9,"column":18}}},"fnMap":{"0":{"name":"(anonymous_0)","decl":{"start":{"line":1,"column":40},"end":{"line":1,"column":41}},"loc":{"start":{"line":1,"column":65},"end":{"line":10,"column":1}},"line":1},"1":{"name":"(anonymous_1)","decl":{"start":{"line":2,"column":45},"end":{"line":2,"column":46}},"loc":{"start":{"line":2,"column":53},"end":{"line":8,"column":3}},"line":2}},"branchMap":{"0":{"loc":{"start":{"line":3,"column":4},"end":{"line":3,"column":36}},"type":"if","locations":[{"start":{"line":3,"column":4},"end":{"line":3,"column":36}},{"start":{"line":3,"column":4},"end":{"line":3,"column":36}}],"line":3}},"s":{"0":1,"1":0,"2":0,"3":0,"4":0,"5":0},"f":{"0":0,"1":0},"b":{"0":[0,0]},"_coverageSchema":"332fd63041d2c1bcb487cc26dd0d5f7d97098a6c","hash":"2783d5876dfa9cebd8f3680a509a8c335c2be1e2"}
,"D:\\Training\\ReactNative\\reactnativetodo\\src\\selectors\\filteredForDeleteTaskList.js": {"path":"D:\\Training\\ReactNative\\reactnativetodo\\src\\selectors\\filteredForDeleteTaskList.js","statementMap":{"0":{"start":{"line":1,"column":37},"end":{"line":6,"column":1}},"1":{"start":{"line":2,"column":19},"end":{"line":4,"column":4}},"2":{"start":{"line":3,"column":4},"end":{"line":3,"column":26}},"3":{"start":{"line":5,"column":2},"end":{"line":5,"column":18}}},"fnMap":{"0":{"name":"(anonymous_0)","decl":{"start":{"line":1,"column":37},"end":{"line":1,"column":38}},"loc":{"start":{"line":1,"column":52},"end":{"line":6,"column":1}},"line":1},"1":{"name":"(anonymous_1)","decl":{"start":{"line":2,"column":48},"end":{"line":2,"column":49}},"loc":{"start":{"line":2,"column":56},"end":{"line":4,"column":3}},"line":2}},"branchMap":{},"s":{"0":1,"1":0,"2":0,"3":0},"f":{"0":0,"1":0},"b":{},"_coverageSchema":"332fd63041d2c1bcb487cc26dd0d5f7d97098a6c","hash":"8956d1e0fcd9e1289aa8e8134993a044061c5a85"}
}
