TN:
SF:D:\Training\ReactNative\reactnativetodo\src\actions\Actions.js
FN:12,deleteTask
FN:19,toggleCompleteStatus
FN:26,saveTask
FN:33,fetchTaskList
FN:39,updateTask
FNF:5
FNH:5
FNDA:1,deleteTask
FNDA:1,toggleCompleteStatus
FNDA:1,saveTask
FNDA:1,fetchTaskList
FNDA:1,updateTask
DA:13,1
DA:20,1
DA:27,1
DA:34,1
DA:40,1
LF:5
LH:5
BRF:0
BRH:0
end_of_record
TN:
SF:D:\Training\ReactNative\reactnativetodo\src\actions\Types.js
FNF:0
FNH:0
DA:1,3
DA:3,3
DA:4,3
DA:5,3
DA:7,3
DA:8,3
DA:9,3
DA:11,3
DA:12,3
DA:13,3
DA:15,3
DA:16,3
DA:17,3
LF:13
LH:13
BRF:0
BRH:0
end_of_record
TN:
SF:D:\Training\ReactNative\reactnativetodo\src\api\api.js
FN:3,getTaskList
FN:4,(anonymous_1)
FN:5,(anonymous_2)
FN:7,(anonymous_3)
FN:16,saveTaskToFB
FN:17,(anonymous_5)
FN:22,(anonymous_6)
FN:25,(anonymous_7)
FN:31,saveTaskListToFB
FN:32,(anonymous_9)
FN:33,(anonymous_10)
FNF:11
FNH:0
FNDA:0,getTaskList
FNDA:0,(anonymous_1)
FNDA:0,(anonymous_2)
FNDA:0,(anonymous_3)
FNDA:0,saveTaskToFB
FNDA:0,(anonymous_5)
FNDA:0,(anonymous_6)
FNDA:0,(anonymous_7)
FNDA:0,saveTaskListToFB
FNDA:0,(anonymous_9)
FNDA:0,(anonymous_10)
DA:4,0
DA:5,0
DA:6,0
DA:7,0
DA:8,0
DA:11,0
DA:17,0
DA:18,0
DA:19,0
DA:20,0
DA:23,0
DA:26,0
DA:32,0
DA:33,0
LF:14
LH:0
BRF:0
BRH:0
end_of_record
TN:
SF:D:\Training\ReactNative\reactnativetodo\src\api\config.js
FNF:0
FNH:0
DA:1,1
LF:1
LH:1
BRF:0
BRH:0
end_of_record
TN:
SF:D:\Training\ReactNative\reactnativetodo\src\api\firebase.js
FNF:0
FNH:0
DA:4,1
LF:1
LH:1
BRF:0
BRH:0
end_of_record
TN:
SF:D:\Training\ReactNative\reactnativetodo\src\api\index.js
FNF:0
FNH:0
LF:0
LH:0
BRF:0
BRH:0
end_of_record
TN:
SF:D:\Training\ReactNative\reactnativetodo\src\mock\tasks_mock.js
FNF:0
FNH:0
DA:1,2
DA:14,2
DA:20,2
LF:3
LH:3
BRF:0
BRH:0
end_of_record
TN:
SF:D:\Training\ReactNative\reactnativetodo\src\reducers\TaskEntryReducer.js
FN:20,(anonymous_0)
FNF:1
FNH:1
FNDA:11,(anonymous_0)
DA:12,1
DA:21,11
DA:23,2
DA:25,0
DA:30,8
DA:38,1
LF:6
LH:5
BRDA:20,0,0,6
BRDA:21,1,0,2
BRDA:21,1,1,0
BRDA:21,1,2,2
BRDA:21,1,3,4
BRDA:21,1,4,6
BRDA:21,1,5,8
BRDA:21,1,6,1
BRF:8
BRH:7
end_of_record
TN:
SF:D:\Training\ReactNative\reactnativetodo\src\saga\manageTaskListSaga.js
FN:21,fetchTaskList
FN:33,saveTask
FN:44,deleteTask
FN:56,toggleCompleteStatus
FN:73,watchManageTaskListSaga
FNF:5
FNH:4
FNDA:1,fetchTaskList
FNDA:1,saveTask
FNDA:1,deleteTask
FNDA:1,toggleCompleteStatus
FNDA:0,watchManageTaskListSaga
DA:22,1
DA:23,1
DA:24,1
DA:29,0
DA:34,1
DA:35,1
DA:36,1
DA:40,0
DA:45,1
DA:46,1
DA:47,1
DA:48,1
DA:52,0
DA:57,1
DA:58,1
DA:63,1
DA:64,1
DA:68,0
DA:69,0
DA:74,0
DA:75,0
DA:76,0
DA:77,0
LF:23
LH:14
BRF:0
BRH:0
end_of_record
TN:
SF:D:\Training\ReactNative\reactnativetodo\src\selectors\filteredForChangeStatusTaskList.js
FN:1,(anonymous_0)
FN:2,(anonymous_1)
FNF:2
FNH:0
FNDA:0,(anonymous_0)
FNDA:0,(anonymous_1)
DA:1,1
DA:2,0
DA:3,0
DA:4,0
DA:9,0
LF:5
LH:1
BRDA:3,0,0,0
BRDA:3,0,1,0
BRF:2
BRH:0
end_of_record
TN:
SF:D:\Training\ReactNative\reactnativetodo\src\selectors\filteredForDeleteTaskList.js
FN:1,(anonymous_0)
FN:2,(anonymous_1)
FNF:2
FNH:0
FNDA:0,(anonymous_0)
FNDA:0,(anonymous_1)
DA:1,1
DA:2,0
DA:3,0
DA:5,0
LF:4
LH:1
BRF:0
BRH:0
end_of_record
